<?xml version="1.0" encoding="UTF-8"?>
<!-- Generated by org.testng.reporters.JUnitReportReporter -->
<testsuite name="com.actitime.scripts.TaskTest" tests="4" time="95.101" ignored="0" failures="0" timestamp="24 Jul 2020 12:30:34 GMT" skipped="0" hostname="LAPTOP-VC35D2RP" errors="0">
  <testcase name="createproject" time="26.182" classname="com.actitime.scripts.TaskTest"/>
  <testcase name="Deletecustomer" time="20.823" classname="com.actitime.scripts.TaskTest"/>
  <testcase name="createCustomer" time="25.397" classname="com.actitime.scripts.TaskTest"/>
  <testcase name="DeleteProject" time="22.699" classname="com.actitime.scripts.TaskTest"/>
</testsuite> <!-- com.actitime.scripts.TaskTest -->
