<?xml version="1.0" encoding="UTF-8"?>
<!-- Generated by org.testng.reporters.JUnitReportReporter -->
<testsuite name="com.actitime.scripts.CreateNewTaskTest" tests="2" time="52.735" ignored="0" failures="0" timestamp="24 Jul 2020 12:30:34 GMT" skipped="0" hostname="LAPTOP-VC35D2RP" errors="0">
  <testcase name="createTask" time="31.732" classname="com.actitime.scripts.CreateNewTaskTest"/>
  <testcase name="deletetask" time="21.003" classname="com.actitime.scripts.CreateNewTaskTest"/>
</testsuite> <!-- com.actitime.scripts.CreateNewTaskTest -->
