<?xml version="1.0" encoding="UTF-8"?>
<!-- Generated by org.testng.reporters.JUnitReportReporter -->
<testsuite name="com.actitime.scripts.CreateNewTaskTest" tests="2" time="38.891" ignored="0" failures="0" timestamp="08 Mar 2020 12:47:07 GMT" skipped="0" hostname="LAPTOP-VC35D2RP" errors="0">
  <testcase name="createTask" time="21.433" classname="com.actitime.scripts.CreateNewTaskTest"/>
  <testcase name="deletetask" time="17.458" classname="com.actitime.scripts.CreateNewTaskTest"/>
</testsuite> <!-- com.actitime.scripts.CreateNewTaskTest -->
