<?xml version="1.0" encoding="UTF-8"?>
<!-- Generated by org.testng.reporters.JUnitReportReporter -->
<testsuite name="com.actitime.scripts.TaskTest" tests="4" time="77.141" ignored="0" failures="0" timestamp="08 Mar 2020 12:47:07 GMT" skipped="0" hostname="LAPTOP-VC35D2RP" errors="0">
  <testcase name="createproject" time="18.307" classname="com.actitime.scripts.TaskTest"/>
  <testcase name="DeleteProject" time="17.837" classname="com.actitime.scripts.TaskTest"/>
  <testcase name="Deletecustomer" time="20.011" classname="com.actitime.scripts.TaskTest"/>
  <testcase name="createCustomer" time="20.986" classname="com.actitime.scripts.TaskTest"/>
</testsuite> <!-- com.actitime.scripts.TaskTest -->
