<?xml version="1.0" encoding="UTF-8"?>
<!-- Generated by org.testng.reporters.JUnitReportReporter -->
<testsuite name="com.actitime.scripts.LoginTest" tests="2" time="73.399" ignored="0" failures="0" timestamp="24 Jul 2020 12:30:34 GMT" skipped="0" hostname="LAPTOP-VC35D2RP" errors="0">
  <testcase name="validLogin" time="50.493" classname="com.actitime.scripts.LoginTest"/>
  <testcase name="invalidlogin" time="22.906" classname="com.actitime.scripts.LoginTest"/>
</testsuite> <!-- com.actitime.scripts.LoginTest -->
