<?xml version="1.0" encoding="UTF-8"?>
<!-- Generated by org.testng.reporters.JUnitReportReporter -->
<testsuite name="com.actitime.scripts.UserTest" tests="2" time="44.554" ignored="0" failures="0" timestamp="24 Jul 2020 12:30:34 GMT" skipped="0" hostname="LAPTOP-VC35D2RP" errors="0">
  <testcase name="createuser" time="23.401" classname="com.actitime.scripts.UserTest"/>
  <testcase name="deleteuser" time="21.153" classname="com.actitime.scripts.UserTest"/>
</testsuite> <!-- com.actitime.scripts.UserTest -->
