<?xml version="1.0" encoding="UTF-8"?>
<!-- Generated by org.testng.reporters.JUnitReportReporter -->
<testsuite name="com.actitime.scripts.LoginTest" tests="2" time="64.384" ignored="0" failures="0" timestamp="08 Mar 2020 12:47:07 GMT" skipped="0" hostname="LAPTOP-VC35D2RP" errors="0">
  <testcase name="validLogin" time="47.099" classname="com.actitime.scripts.LoginTest"/>
  <testcase name="invalidlogin" time="17.285" classname="com.actitime.scripts.LoginTest"/>
</testsuite> <!-- com.actitime.scripts.LoginTest -->
