<?xml version="1.0" encoding="UTF-8"?>
<!-- Generated by org.testng.reporters.JUnitReportReporter -->
<testsuite name="com.actitime.scripts.UserTest" tests="2" time="37.841" ignored="0" failures="0" timestamp="08 Mar 2020 12:47:07 GMT" skipped="0" hostname="LAPTOP-VC35D2RP" errors="0">
  <testcase name="createuser" time="19.317" classname="com.actitime.scripts.UserTest"/>
  <testcase name="deleteuser" time="18.524" classname="com.actitime.scripts.UserTest"/>
</testsuite> <!-- com.actitime.scripts.UserTest -->
